<?xml version="1.0" encoding="UTF-8"?>
<testsuite name="ComputeTest" tests="1" skipped="0" failures="0" errors="0" timestamp="2016-07-17T14:36:29" hostname="DESKTOP-F0S8BPK" time="0.003">
  <properties/>
  <testcase name="should_return_2_when_input_1_and_1" classname="ComputeTest" time="0.003"/>
  <system-out><![CDATA[]]></system-out>
  <system-err><![CDATA[]]></system-err>
</testsuite>
